2023-10-12T11:22:11+00:00 CRITICAL Uncaught Error: Failed opening required '/opt/lampp/htdocs/projects/fairbank/wp-content/themes/fairbankequipment/includes/theme-customizer.php' (include_path='.:/opt/lampp/lib/php') in /opt/lampp/htdocs/projects/fairbank/wp-content/themes/fairbankequipment/functions.php:5
Stack trace:
#0 /opt/lampp/htdocs/projects/fairbank/wp-settings.php(600): include()
#1 /opt/lampp/htdocs/projects/fairbank/wp-config.php(97): require_once('/opt/lampp/htdo...')
#2 /opt/lampp/htdocs/projects/fairbank/wp-load.php(50): require_once('/opt/lampp/htdo...')
#3 /opt/lampp/htdocs/projects/fairbank/wp-admin/admin-ajax.php(22): require_once('/opt/lampp/htdo...')
#4 {main}
  thrown in /opt/lampp/htdocs/projects/fairbank/wp-content/themes/fairbankequipment/functions.php on line 5

2023-10-12T11:24:12+00:00 CRITICAL Uncaught Error: Failed opening required '/opt/lampp/htdocs/projects/fairbank/wp-content/themes/fairbankequipment/includes/theme-setup.php' (include_path='.:/opt/lampp/lib/php') in /opt/lampp/htdocs/projects/fairbank/wp-content/themes/fairbankequipment/functions.php:5
Stack trace:
#0 /opt/lampp/htdocs/projects/fairbank/wp-settings.php(600): include()
#1 /opt/lampp/htdocs/projects/fairbank/wp-config.php(97): require_once('/opt/lampp/htdo...')
#2 /opt/lampp/htdocs/projects/fairbank/wp-load.php(50): require_once('/opt/lampp/htdo...')
#3 /opt/lampp/htdocs/projects/fairbank/wp-admin/admin-ajax.php(22): require_once('/opt/lampp/htdo...')
#4 {main}
  thrown in /opt/lampp/htdocs/projects/fairbank/wp-content/themes/fairbankequipment/functions.php on line 5

2023-10-12T11:26:12+00:00 CRITICAL Uncaught Error: Failed opening required '/opt/lampp/htdocs/projects/fairbank/wp-content/themes/fairbankequipment/inc/theme-initial-setup.php' (include_path='.:/opt/lampp/lib/php') in /opt/lampp/htdocs/projects/fairbank/wp-content/themes/fairbankequipment/functions.php:5
Stack trace:
#0 /opt/lampp/htdocs/projects/fairbank/wp-settings.php(600): include()
#1 /opt/lampp/htdocs/projects/fairbank/wp-config.php(97): require_once('/opt/lampp/htdo...')
#2 /opt/lampp/htdocs/projects/fairbank/wp-load.php(50): require_once('/opt/lampp/htdo...')
#3 /opt/lampp/htdocs/projects/fairbank/wp-admin/admin-ajax.php(22): require_once('/opt/lampp/htdo...')
#4 {main}
  thrown in /opt/lampp/htdocs/projects/fairbank/wp-content/themes/fairbankequipment/functions.php on line 5

