2023-10-13T04:42:38+00:00 CRITICAL Uncaught Error: Failed opening required '/opt/lampp/htdocs/projects/fairbank/wp-content/themes/fairbankequipmentinc/woocommerce.php' (include_path='.:/opt/lampp/lib/php') in /opt/lampp/htdocs/projects/fairbank/wp-content/themes/fairbankequipment/functions.php:48
Stack trace:
#0 /opt/lampp/htdocs/projects/fairbank/wp-settings.php(600): include()
#1 /opt/lampp/htdocs/projects/fairbank/wp-config.php(97): require_once('/opt/lampp/htdo...')
#2 /opt/lampp/htdocs/projects/fairbank/wp-load.php(50): require_once('/opt/lampp/htdo...')
#3 /opt/lampp/htdocs/projects/fairbank/wp-admin/admin-ajax.php(22): require_once('/opt/lampp/htdo...')
#4 {main}
  thrown in /opt/lampp/htdocs/projects/fairbank/wp-content/themes/fairbankequipment/functions.php on line 48

2023-10-13T04:44:39+00:00 CRITICAL Uncaught Error: Failed opening required '/opt/lampp/htdocs/projects/fairbank/wp-content/themes/fairbankequipmentinc/woocommerce.php' (include_path='.:/opt/lampp/lib/php') in /opt/lampp/htdocs/projects/fairbank/wp-content/themes/fairbankequipment/functions.php:48
Stack trace:
#0 /opt/lampp/htdocs/projects/fairbank/wp-settings.php(600): include()
#1 /opt/lampp/htdocs/projects/fairbank/wp-config.php(97): require_once('/opt/lampp/htdo...')
#2 /opt/lampp/htdocs/projects/fairbank/wp-load.php(50): require_once('/opt/lampp/htdo...')
#3 /opt/lampp/htdocs/projects/fairbank/wp-admin/admin-ajax.php(22): require_once('/opt/lampp/htdo...')
#4 {main}
  thrown in /opt/lampp/htdocs/projects/fairbank/wp-content/themes/fairbankequipment/functions.php on line 48

2023-10-13T04:45:40+00:00 CRITICAL Uncaught Error: Failed opening required '/opt/lampp/htdocs/projects/fairbank/wp-content/themes/fairbankequipmentinc/woocommerce.php' (include_path='.:/opt/lampp/lib/php') in /opt/lampp/htdocs/projects/fairbank/wp-content/themes/fairbankequipment/functions.php:48
Stack trace:
#0 /opt/lampp/htdocs/projects/fairbank/wp-settings.php(600): include()
#1 /opt/lampp/htdocs/projects/fairbank/wp-config.php(97): require_once('/opt/lampp/htdo...')
#2 /opt/lampp/htdocs/projects/fairbank/wp-load.php(50): require_once('/opt/lampp/htdo...')
#3 /opt/lampp/htdocs/projects/fairbank/wp-admin/admin-ajax.php(22): require_once('/opt/lampp/htdo...')
#4 {main}
  thrown in /opt/lampp/htdocs/projects/fairbank/wp-content/themes/fairbankequipment/functions.php on line 48

2023-10-13T04:47:05+00:00 CRITICAL Uncaught Error: Failed opening required '/opt/lampp/htdocs/projects/fairbank/wp-content/themes/fairbankequipmentinc/woocommerce.php' (include_path='.:/opt/lampp/lib/php') in /opt/lampp/htdocs/projects/fairbank/wp-content/themes/fairbankequipment/functions.php:48
Stack trace:
#0 /opt/lampp/htdocs/projects/fairbank/wp-settings.php(600): include()
#1 /opt/lampp/htdocs/projects/fairbank/wp-config.php(97): require_once('/opt/lampp/htdo...')
#2 /opt/lampp/htdocs/projects/fairbank/wp-load.php(50): require_once('/opt/lampp/htdo...')
#3 /opt/lampp/htdocs/projects/fairbank/wp-admin/admin-ajax.php(22): require_once('/opt/lampp/htdo...')
#4 {main}
  thrown in /opt/lampp/htdocs/projects/fairbank/wp-content/themes/fairbankequipment/functions.php on line 48

2023-10-13T04:48:05+00:00 CRITICAL Uncaught Error: Failed opening required '/opt/lampp/htdocs/projects/fairbank/wp-content/themes/fairbankequipmentinc/woocommerce.php' (include_path='.:/opt/lampp/lib/php') in /opt/lampp/htdocs/projects/fairbank/wp-content/themes/fairbankequipment/functions.php:48
Stack trace:
#0 /opt/lampp/htdocs/projects/fairbank/wp-settings.php(600): include()
#1 /opt/lampp/htdocs/projects/fairbank/wp-config.php(97): require_once('/opt/lampp/htdo...')
#2 /opt/lampp/htdocs/projects/fairbank/wp-load.php(50): require_once('/opt/lampp/htdo...')
#3 /opt/lampp/htdocs/projects/fairbank/wp-admin/admin-ajax.php(22): require_once('/opt/lampp/htdo...')
#4 {main}
  thrown in /opt/lampp/htdocs/projects/fairbank/wp-content/themes/fairbankequipment/functions.php on line 48

2023-10-13T04:50:05+00:00 CRITICAL Uncaught Error: Failed opening required '/opt/lampp/htdocs/projects/fairbank/wp-content/themes/fairbankequipmentinc/woocommerce.php' (include_path='.:/opt/lampp/lib/php') in /opt/lampp/htdocs/projects/fairbank/wp-content/themes/fairbankequipment/functions.php:48
Stack trace:
#0 /opt/lampp/htdocs/projects/fairbank/wp-settings.php(600): include()
#1 /opt/lampp/htdocs/projects/fairbank/wp-config.php(97): require_once('/opt/lampp/htdo...')
#2 /opt/lampp/htdocs/projects/fairbank/wp-load.php(50): require_once('/opt/lampp/htdo...')
#3 /opt/lampp/htdocs/projects/fairbank/wp-admin/admin-ajax.php(22): require_once('/opt/lampp/htdo...')
#4 {main}
  thrown in /opt/lampp/htdocs/projects/fairbank/wp-content/themes/fairbankequipment/functions.php on line 48

2023-10-13T04:52:06+00:00 CRITICAL Uncaught Error: Failed opening required '/opt/lampp/htdocs/projects/fairbank/wp-content/themes/fairbankequipmentinc/woocommerce.php' (include_path='.:/opt/lampp/lib/php') in /opt/lampp/htdocs/projects/fairbank/wp-content/themes/fairbankequipment/functions.php:48
Stack trace:
#0 /opt/lampp/htdocs/projects/fairbank/wp-settings.php(600): include()
#1 /opt/lampp/htdocs/projects/fairbank/wp-config.php(97): require_once('/opt/lampp/htdo...')
#2 /opt/lampp/htdocs/projects/fairbank/wp-load.php(50): require_once('/opt/lampp/htdo...')
#3 /opt/lampp/htdocs/projects/fairbank/wp-admin/admin-ajax.php(22): require_once('/opt/lampp/htdo...')
#4 {main}
  thrown in /opt/lampp/htdocs/projects/fairbank/wp-content/themes/fairbankequipment/functions.php on line 48

2023-10-13T04:54:07+00:00 CRITICAL Uncaught Error: Failed opening required '/opt/lampp/htdocs/projects/fairbank/wp-content/themes/fairbankequipmentinc/woocommerce.php' (include_path='.:/opt/lampp/lib/php') in /opt/lampp/htdocs/projects/fairbank/wp-content/themes/fairbankequipment/functions.php:48
Stack trace:
#0 /opt/lampp/htdocs/projects/fairbank/wp-settings.php(600): include()
#1 /opt/lampp/htdocs/projects/fairbank/wp-config.php(97): require_once('/opt/lampp/htdo...')
#2 /opt/lampp/htdocs/projects/fairbank/wp-load.php(50): require_once('/opt/lampp/htdo...')
#3 /opt/lampp/htdocs/projects/fairbank/wp-admin/admin-ajax.php(22): require_once('/opt/lampp/htdo...')
#4 {main}
  thrown in /opt/lampp/htdocs/projects/fairbank/wp-content/themes/fairbankequipment/functions.php on line 48

2023-10-13T04:56:08+00:00 CRITICAL Uncaught Error: Failed opening required '/opt/lampp/htdocs/projects/fairbank/wp-content/themes/fairbankequipmentinc/woocommerce.php' (include_path='.:/opt/lampp/lib/php') in /opt/lampp/htdocs/projects/fairbank/wp-content/themes/fairbankequipment/functions.php:48
Stack trace:
#0 /opt/lampp/htdocs/projects/fairbank/wp-settings.php(600): include()
#1 /opt/lampp/htdocs/projects/fairbank/wp-config.php(97): require_once('/opt/lampp/htdo...')
#2 /opt/lampp/htdocs/projects/fairbank/wp-load.php(50): require_once('/opt/lampp/htdo...')
#3 /opt/lampp/htdocs/projects/fairbank/wp-admin/admin-ajax.php(22): require_once('/opt/lampp/htdo...')
#4 {main}
  thrown in /opt/lampp/htdocs/projects/fairbank/wp-content/themes/fairbankequipment/functions.php on line 48

2023-10-13T04:58:09+00:00 CRITICAL Uncaught Error: Failed opening required '/opt/lampp/htdocs/projects/fairbank/wp-content/themes/fairbankequipmentinc/woocommerce.php' (include_path='.:/opt/lampp/lib/php') in /opt/lampp/htdocs/projects/fairbank/wp-content/themes/fairbankequipment/functions.php:48
Stack trace:
#0 /opt/lampp/htdocs/projects/fairbank/wp-settings.php(600): include()
#1 /opt/lampp/htdocs/projects/fairbank/wp-config.php(97): require_once('/opt/lampp/htdo...')
#2 /opt/lampp/htdocs/projects/fairbank/wp-load.php(50): require_once('/opt/lampp/htdo...')
#3 /opt/lampp/htdocs/projects/fairbank/wp-admin/admin-ajax.php(22): require_once('/opt/lampp/htdo...')
#4 {main}
  thrown in /opt/lampp/htdocs/projects/fairbank/wp-content/themes/fairbankequipment/functions.php on line 48

2023-10-13T05:00:30+00:00 CRITICAL Uncaught Error: Failed opening required '/opt/lampp/htdocs/projects/fairbank/wp-content/themes/fairbankequipmentinc/woocommerce.php' (include_path='.:/opt/lampp/lib/php') in /opt/lampp/htdocs/projects/fairbank/wp-content/themes/fairbankequipment/functions.php:48
Stack trace:
#0 /opt/lampp/htdocs/projects/fairbank/wp-settings.php(600): include()
#1 /opt/lampp/htdocs/projects/fairbank/wp-config.php(97): require_once('/opt/lampp/htdo...')
#2 /opt/lampp/htdocs/projects/fairbank/wp-load.php(50): require_once('/opt/lampp/htdo...')
#3 /opt/lampp/htdocs/projects/fairbank/wp-admin/admin-ajax.php(22): require_once('/opt/lampp/htdo...')
#4 {main}
  thrown in /opt/lampp/htdocs/projects/fairbank/wp-content/themes/fairbankequipment/functions.php on line 48

2023-10-13T05:01:30+00:00 CRITICAL Uncaught Error: Failed opening required '/opt/lampp/htdocs/projects/fairbank/wp-content/themes/fairbankequipmentinc/woocommerce.php' (include_path='.:/opt/lampp/lib/php') in /opt/lampp/htdocs/projects/fairbank/wp-content/themes/fairbankequipment/functions.php:48
Stack trace:
#0 /opt/lampp/htdocs/projects/fairbank/wp-settings.php(600): include()
#1 /opt/lampp/htdocs/projects/fairbank/wp-config.php(97): require_once('/opt/lampp/htdo...')
#2 /opt/lampp/htdocs/projects/fairbank/wp-load.php(50): require_once('/opt/lampp/htdo...')
#3 /opt/lampp/htdocs/projects/fairbank/wp-admin/admin-ajax.php(22): require_once('/opt/lampp/htdo...')
#4 {main}
  thrown in /opt/lampp/htdocs/projects/fairbank/wp-content/themes/fairbankequipment/functions.php on line 48

2023-10-13T05:03:31+00:00 CRITICAL Uncaught Error: Failed opening required '/opt/lampp/htdocs/projects/fairbank/wp-content/themes/fairbankequipmentinc/woocommerce.php' (include_path='.:/opt/lampp/lib/php') in /opt/lampp/htdocs/projects/fairbank/wp-content/themes/fairbankequipment/functions.php:48
Stack trace:
#0 /opt/lampp/htdocs/projects/fairbank/wp-settings.php(600): include()
#1 /opt/lampp/htdocs/projects/fairbank/wp-config.php(97): require_once('/opt/lampp/htdo...')
#2 /opt/lampp/htdocs/projects/fairbank/wp-load.php(50): require_once('/opt/lampp/htdo...')
#3 /opt/lampp/htdocs/projects/fairbank/wp-admin/admin-ajax.php(22): require_once('/opt/lampp/htdo...')
#4 {main}
  thrown in /opt/lampp/htdocs/projects/fairbank/wp-content/themes/fairbankequipment/functions.php on line 48

2023-10-13T05:05:32+00:00 CRITICAL Uncaught Error: Failed opening required '/opt/lampp/htdocs/projects/fairbank/wp-content/themes/fairbankequipmentinc/woocommerce.php' (include_path='.:/opt/lampp/lib/php') in /opt/lampp/htdocs/projects/fairbank/wp-content/themes/fairbankequipment/functions.php:48
Stack trace:
#0 /opt/lampp/htdocs/projects/fairbank/wp-settings.php(600): include()
#1 /opt/lampp/htdocs/projects/fairbank/wp-config.php(97): require_once('/opt/lampp/htdo...')
#2 /opt/lampp/htdocs/projects/fairbank/wp-load.php(50): require_once('/opt/lampp/htdo...')
#3 /opt/lampp/htdocs/projects/fairbank/wp-admin/admin-ajax.php(22): require_once('/opt/lampp/htdo...')
#4 {main}
  thrown in /opt/lampp/htdocs/projects/fairbank/wp-content/themes/fairbankequipment/functions.php on line 48

2023-10-13T05:07:33+00:00 CRITICAL Uncaught Error: Failed opening required '/opt/lampp/htdocs/projects/fairbank/wp-content/themes/fairbankequipmentinc/woocommerce.php' (include_path='.:/opt/lampp/lib/php') in /opt/lampp/htdocs/projects/fairbank/wp-content/themes/fairbankequipment/functions.php:48
Stack trace:
#0 /opt/lampp/htdocs/projects/fairbank/wp-settings.php(600): include()
#1 /opt/lampp/htdocs/projects/fairbank/wp-config.php(97): require_once('/opt/lampp/htdo...')
#2 /opt/lampp/htdocs/projects/fairbank/wp-load.php(50): require_once('/opt/lampp/htdo...')
#3 /opt/lampp/htdocs/projects/fairbank/wp-admin/admin-ajax.php(22): require_once('/opt/lampp/htdo...')
#4 {main}
  thrown in /opt/lampp/htdocs/projects/fairbank/wp-content/themes/fairbankequipment/functions.php on line 48

2023-10-13T05:08:54+00:00 CRITICAL Uncaught Error: Failed opening required '/opt/lampp/htdocs/projects/fairbank/wp-content/themes/fairbankequipmentinc/woocommerce.php' (include_path='.:/opt/lampp/lib/php') in /opt/lampp/htdocs/projects/fairbank/wp-content/themes/fairbankequipment/functions.php:48
Stack trace:
#0 /opt/lampp/htdocs/projects/fairbank/wp-settings.php(600): include()
#1 /opt/lampp/htdocs/projects/fairbank/wp-config.php(97): require_once('/opt/lampp/htdo...')
#2 /opt/lampp/htdocs/projects/fairbank/wp-load.php(50): require_once('/opt/lampp/htdo...')
#3 /opt/lampp/htdocs/projects/fairbank/wp-admin/admin-ajax.php(22): require_once('/opt/lampp/htdo...')
#4 {main}
  thrown in /opt/lampp/htdocs/projects/fairbank/wp-content/themes/fairbankequipment/functions.php on line 48

2023-10-13T05:09:54+00:00 CRITICAL Uncaught Error: Failed opening required '/opt/lampp/htdocs/projects/fairbank/wp-content/themes/fairbankequipmentinc/woocommerce.php' (include_path='.:/opt/lampp/lib/php') in /opt/lampp/htdocs/projects/fairbank/wp-content/themes/fairbankequipment/functions.php:48
Stack trace:
#0 /opt/lampp/htdocs/projects/fairbank/wp-settings.php(600): include()
#1 /opt/lampp/htdocs/projects/fairbank/wp-config.php(97): require_once('/opt/lampp/htdo...')
#2 /opt/lampp/htdocs/projects/fairbank/wp-load.php(50): require_once('/opt/lampp/htdo...')
#3 /opt/lampp/htdocs/projects/fairbank/wp-admin/admin-ajax.php(22): require_once('/opt/lampp/htdo...')
#4 {main}
  thrown in /opt/lampp/htdocs/projects/fairbank/wp-content/themes/fairbankequipment/functions.php on line 48

2023-10-13T05:11:55+00:00 CRITICAL Uncaught Error: Failed opening required '/opt/lampp/htdocs/projects/fairbank/wp-content/themes/fairbankequipmentinc/woocommerce.php' (include_path='.:/opt/lampp/lib/php') in /opt/lampp/htdocs/projects/fairbank/wp-content/themes/fairbankequipment/functions.php:48
Stack trace:
#0 /opt/lampp/htdocs/projects/fairbank/wp-settings.php(600): include()
#1 /opt/lampp/htdocs/projects/fairbank/wp-config.php(97): require_once('/opt/lampp/htdo...')
#2 /opt/lampp/htdocs/projects/fairbank/wp-load.php(50): require_once('/opt/lampp/htdo...')
#3 /opt/lampp/htdocs/projects/fairbank/wp-admin/admin-ajax.php(22): require_once('/opt/lampp/htdo...')
#4 {main}
  thrown in /opt/lampp/htdocs/projects/fairbank/wp-content/themes/fairbankequipment/functions.php on line 48

2023-10-13T05:13:56+00:00 CRITICAL Uncaught Error: Failed opening required '/opt/lampp/htdocs/projects/fairbank/wp-content/themes/fairbankequipmentinc/woocommerce.php' (include_path='.:/opt/lampp/lib/php') in /opt/lampp/htdocs/projects/fairbank/wp-content/themes/fairbankequipment/functions.php:48
Stack trace:
#0 /opt/lampp/htdocs/projects/fairbank/wp-settings.php(600): include()
#1 /opt/lampp/htdocs/projects/fairbank/wp-config.php(97): require_once('/opt/lampp/htdo...')
#2 /opt/lampp/htdocs/projects/fairbank/wp-load.php(50): require_once('/opt/lampp/htdo...')
#3 /opt/lampp/htdocs/projects/fairbank/wp-admin/admin-ajax.php(22): require_once('/opt/lampp/htdo...')
#4 {main}
  thrown in /opt/lampp/htdocs/projects/fairbank/wp-content/themes/fairbankequipment/functions.php on line 48

2023-10-13T05:15:57+00:00 CRITICAL Uncaught Error: Failed opening required '/opt/lampp/htdocs/projects/fairbank/wp-content/themes/fairbankequipmentinc/woocommerce.php' (include_path='.:/opt/lampp/lib/php') in /opt/lampp/htdocs/projects/fairbank/wp-content/themes/fairbankequipment/functions.php:48
Stack trace:
#0 /opt/lampp/htdocs/projects/fairbank/wp-settings.php(600): include()
#1 /opt/lampp/htdocs/projects/fairbank/wp-config.php(97): require_once('/opt/lampp/htdo...')
#2 /opt/lampp/htdocs/projects/fairbank/wp-load.php(50): require_once('/opt/lampp/htdo...')
#3 /opt/lampp/htdocs/projects/fairbank/wp-admin/admin-ajax.php(22): require_once('/opt/lampp/htdo...')
#4 {main}
  thrown in /opt/lampp/htdocs/projects/fairbank/wp-content/themes/fairbankequipment/functions.php on line 48

2023-10-13T05:16:57+00:00 CRITICAL Uncaught Error: Failed opening required '/opt/lampp/htdocs/projects/fairbank/wp-content/themes/fairbankequipmentinc/woocommerce.php' (include_path='.:/opt/lampp/lib/php') in /opt/lampp/htdocs/projects/fairbank/wp-content/themes/fairbankequipment/functions.php:48
Stack trace:
#0 /opt/lampp/htdocs/projects/fairbank/wp-settings.php(600): include()
#1 /opt/lampp/htdocs/projects/fairbank/wp-config.php(97): require_once('/opt/lampp/htdo...')
#2 /opt/lampp/htdocs/projects/fairbank/wp-load.php(50): require_once('/opt/lampp/htdo...')
#3 /opt/lampp/htdocs/projects/fairbank/wp-admin/admin-ajax.php(22): require_once('/opt/lampp/htdo...')
#4 {main}
  thrown in /opt/lampp/htdocs/projects/fairbank/wp-content/themes/fairbankequipment/functions.php on line 48

2023-10-13T05:17:57+00:00 CRITICAL Uncaught Error: Failed opening required '/opt/lampp/htdocs/projects/fairbank/wp-content/themes/fairbankequipmentinc/woocommerce.php' (include_path='.:/opt/lampp/lib/php') in /opt/lampp/htdocs/projects/fairbank/wp-content/themes/fairbankequipment/functions.php:48
Stack trace:
#0 /opt/lampp/htdocs/projects/fairbank/wp-settings.php(600): include()
#1 /opt/lampp/htdocs/projects/fairbank/wp-config.php(97): require_once('/opt/lampp/htdo...')
#2 /opt/lampp/htdocs/projects/fairbank/wp-load.php(50): require_once('/opt/lampp/htdo...')
#3 /opt/lampp/htdocs/projects/fairbank/wp-admin/admin-ajax.php(22): require_once('/opt/lampp/htdo...')
#4 {main}
  thrown in /opt/lampp/htdocs/projects/fairbank/wp-content/themes/fairbankequipment/functions.php on line 48

2023-10-13T05:19:57+00:00 CRITICAL Uncaught Error: Failed opening required 'http://localhost/projects/fairbank/wp-content/themes/fairbankequipment/inc/theme-initial-setup.php' (include_path='.:/opt/lampp/lib/php') in /opt/lampp/htdocs/projects/fairbank/wp-content/themes/fairbankequipment/functions.php:32
Stack trace:
#0 /opt/lampp/htdocs/projects/fairbank/wp-settings.php(600): include()
#1 /opt/lampp/htdocs/projects/fairbank/wp-config.php(97): require_once('/opt/lampp/htdo...')
#2 /opt/lampp/htdocs/projects/fairbank/wp-load.php(50): require_once('/opt/lampp/htdo...')
#3 /opt/lampp/htdocs/projects/fairbank/wp-admin/admin-ajax.php(22): require_once('/opt/lampp/htdo...')
#4 {main}
  thrown in /opt/lampp/htdocs/projects/fairbank/wp-content/themes/fairbankequipment/functions.php on line 32

2023-10-13T05:21:57+00:00 CRITICAL Uncaught Error: Failed opening required 'http://localhost/projects/fairbank/wp-content/themes/fairbankequipment/inc/theme-initial-setup.php' (include_path='.:/opt/lampp/lib/php') in /opt/lampp/htdocs/projects/fairbank/wp-content/themes/fairbankequipment/functions.php:32
Stack trace:
#0 /opt/lampp/htdocs/projects/fairbank/wp-settings.php(600): include()
#1 /opt/lampp/htdocs/projects/fairbank/wp-config.php(97): require_once('/opt/lampp/htdo...')
#2 /opt/lampp/htdocs/projects/fairbank/wp-load.php(50): require_once('/opt/lampp/htdo...')
#3 /opt/lampp/htdocs/projects/fairbank/wp-admin/admin-ajax.php(22): require_once('/opt/lampp/htdo...')
#4 {main}
  thrown in /opt/lampp/htdocs/projects/fairbank/wp-content/themes/fairbankequipment/functions.php on line 32

2023-10-13T05:23:57+00:00 CRITICAL Uncaught Error: Failed opening required 'http://localhost/projects/fairbank/wp-content/themes/fairbankequipment/inc/theme-initial-setup.php' (include_path='.:/opt/lampp/lib/php') in /opt/lampp/htdocs/projects/fairbank/wp-content/themes/fairbankequipment/functions.php:32
Stack trace:
#0 /opt/lampp/htdocs/projects/fairbank/wp-settings.php(600): include()
#1 /opt/lampp/htdocs/projects/fairbank/wp-config.php(97): require_once('/opt/lampp/htdo...')
#2 /opt/lampp/htdocs/projects/fairbank/wp-load.php(50): require_once('/opt/lampp/htdo...')
#3 /opt/lampp/htdocs/projects/fairbank/wp-admin/admin-ajax.php(22): require_once('/opt/lampp/htdo...')
#4 {main}
  thrown in /opt/lampp/htdocs/projects/fairbank/wp-content/themes/fairbankequipment/functions.php on line 32

2023-10-13T05:25:57+00:00 CRITICAL Uncaught Error: Failed opening required 'http://localhost/projects/fairbank/wp-content/themes/fairbankequipment/inc/theme-initial-setup.php' (include_path='.:/opt/lampp/lib/php') in /opt/lampp/htdocs/projects/fairbank/wp-content/themes/fairbankequipment/functions.php:32
Stack trace:
#0 /opt/lampp/htdocs/projects/fairbank/wp-settings.php(600): include()
#1 /opt/lampp/htdocs/projects/fairbank/wp-config.php(97): require_once('/opt/lampp/htdo...')
#2 /opt/lampp/htdocs/projects/fairbank/wp-load.php(50): require_once('/opt/lampp/htdo...')
#3 /opt/lampp/htdocs/projects/fairbank/wp-admin/admin-ajax.php(22): require_once('/opt/lampp/htdo...')
#4 {main}
  thrown in /opt/lampp/htdocs/projects/fairbank/wp-content/themes/fairbankequipment/functions.php on line 32

2023-10-13T05:29:51+00:00 CRITICAL Uncaught Error: Failed opening required 'http://localhost/projects/fairbank/wp-content/themes/fairbankequipment/inc/theme-initial-setup.php' (include_path='.:/opt/lampp/lib/php') in /opt/lampp/htdocs/projects/fairbank/wp-content/themes/fairbankequipment/functions.php:32
Stack trace:
#0 /opt/lampp/htdocs/projects/fairbank/wp-settings.php(600): include()
#1 /opt/lampp/htdocs/projects/fairbank/wp-config.php(97): require_once('/opt/lampp/htdo...')
#2 /opt/lampp/htdocs/projects/fairbank/wp-load.php(50): require_once('/opt/lampp/htdo...')
#3 /opt/lampp/htdocs/projects/fairbank/wp-admin/admin-ajax.php(22): require_once('/opt/lampp/htdo...')
#4 {main}
  thrown in /opt/lampp/htdocs/projects/fairbank/wp-content/themes/fairbankequipment/functions.php on line 32

2023-10-13T05:30:51+00:00 CRITICAL Uncaught Error: Failed opening required 'http://localhost/projects/fairbank/wp-content/themes/fairbankequipment/inc/theme-initial-setup.php' (include_path='.:/opt/lampp/lib/php') in /opt/lampp/htdocs/projects/fairbank/wp-content/themes/fairbankequipment/functions.php:32
Stack trace:
#0 /opt/lampp/htdocs/projects/fairbank/wp-settings.php(600): include()
#1 /opt/lampp/htdocs/projects/fairbank/wp-config.php(97): require_once('/opt/lampp/htdo...')
#2 /opt/lampp/htdocs/projects/fairbank/wp-load.php(50): require_once('/opt/lampp/htdo...')
#3 /opt/lampp/htdocs/projects/fairbank/wp-admin/admin-ajax.php(22): require_once('/opt/lampp/htdo...')
#4 {main}
  thrown in /opt/lampp/htdocs/projects/fairbank/wp-content/themes/fairbankequipment/functions.php on line 32

2023-10-13T05:32:52+00:00 CRITICAL Uncaught Error: Failed opening required 'http://localhost/projects/fairbank/wp-content/themes/fairbankequipment/inc/theme-initial-setup.php' (include_path='.:/opt/lampp/lib/php') in /opt/lampp/htdocs/projects/fairbank/wp-content/themes/fairbankequipment/functions.php:32
Stack trace:
#0 /opt/lampp/htdocs/projects/fairbank/wp-settings.php(600): include()
#1 /opt/lampp/htdocs/projects/fairbank/wp-config.php(97): require_once('/opt/lampp/htdo...')
#2 /opt/lampp/htdocs/projects/fairbank/wp-load.php(50): require_once('/opt/lampp/htdo...')
#3 /opt/lampp/htdocs/projects/fairbank/wp-admin/admin-ajax.php(22): require_once('/opt/lampp/htdo...')
#4 {main}
  thrown in /opt/lampp/htdocs/projects/fairbank/wp-content/themes/fairbankequipment/functions.php on line 32

2023-10-13T05:34:53+00:00 CRITICAL Uncaught Error: Failed opening required 'http://localhost/projects/fairbank/wp-content/themes/fairbankequipment/inc/theme-initial-setup.php' (include_path='.:/opt/lampp/lib/php') in /opt/lampp/htdocs/projects/fairbank/wp-content/themes/fairbankequipment/functions.php:32
Stack trace:
#0 /opt/lampp/htdocs/projects/fairbank/wp-settings.php(600): include()
#1 /opt/lampp/htdocs/projects/fairbank/wp-config.php(97): require_once('/opt/lampp/htdo...')
#2 /opt/lampp/htdocs/projects/fairbank/wp-load.php(50): require_once('/opt/lampp/htdo...')
#3 /opt/lampp/htdocs/projects/fairbank/wp-admin/admin-ajax.php(22): require_once('/opt/lampp/htdo...')
#4 {main}
  thrown in /opt/lampp/htdocs/projects/fairbank/wp-content/themes/fairbankequipment/functions.php on line 32

2023-10-13T05:36:54+00:00 CRITICAL Uncaught Error: Failed opening required 'http://localhost/projects/fairbank/wp-content/themes/fairbankequipment/inc/theme-initial-setup.php' (include_path='.:/opt/lampp/lib/php') in /opt/lampp/htdocs/projects/fairbank/wp-content/themes/fairbankequipment/functions.php:32
Stack trace:
#0 /opt/lampp/htdocs/projects/fairbank/wp-settings.php(600): include()
#1 /opt/lampp/htdocs/projects/fairbank/wp-config.php(97): require_once('/opt/lampp/htdo...')
#2 /opt/lampp/htdocs/projects/fairbank/wp-load.php(50): require_once('/opt/lampp/htdo...')
#3 /opt/lampp/htdocs/projects/fairbank/wp-admin/admin-ajax.php(22): require_once('/opt/lampp/htdo...')
#4 {main}
  thrown in /opt/lampp/htdocs/projects/fairbank/wp-content/themes/fairbankequipment/functions.php on line 32

2023-10-13T05:38:54+00:00 CRITICAL Uncaught Error: Failed opening required 'http://localhost/projects/fairbank/wp-content/themes/fairbankequipment/inc/theme-initial-setup.php' (include_path='.:/opt/lampp/lib/php') in /opt/lampp/htdocs/projects/fairbank/wp-content/themes/fairbankequipment/functions.php:32
Stack trace:
#0 /opt/lampp/htdocs/projects/fairbank/wp-settings.php(600): include()
#1 /opt/lampp/htdocs/projects/fairbank/wp-config.php(97): require_once('/opt/lampp/htdo...')
#2 /opt/lampp/htdocs/projects/fairbank/wp-load.php(50): require_once('/opt/lampp/htdo...')
#3 /opt/lampp/htdocs/projects/fairbank/wp-admin/admin-ajax.php(22): require_once('/opt/lampp/htdo...')
#4 {main}
  thrown in /opt/lampp/htdocs/projects/fairbank/wp-content/themes/fairbankequipment/functions.php on line 32

2023-10-13T07:06:07+00:00 CRITICAL Uncaught Error: Failed opening required 'http://localhost/projects/fairbank/wp-content/themes/fairbankequipment/inc/theme-initial-setup.php' (include_path='.:/opt/lampp/lib/php') in /opt/lampp/htdocs/projects/fairbank/wp-content/themes/fairbankequipment/functions.php:32
Stack trace:
#0 /opt/lampp/htdocs/projects/fairbank/wp-settings.php(600): include()
#1 /opt/lampp/htdocs/projects/fairbank/wp-config.php(97): require_once('/opt/lampp/htdo...')
#2 /opt/lampp/htdocs/projects/fairbank/wp-load.php(50): require_once('/opt/lampp/htdo...')
#3 /opt/lampp/htdocs/projects/fairbank/wp-admin/admin-ajax.php(22): require_once('/opt/lampp/htdo...')
#4 {main}
  thrown in /opt/lampp/htdocs/projects/fairbank/wp-content/themes/fairbankequipment/functions.php on line 32

2023-10-13T07:07:08+00:00 CRITICAL Uncaught Error: Failed opening required 'http://localhost/projects/fairbank/wp-content/themes/fairbankequipment/inc/theme-initial-setup.php' (include_path='.:/opt/lampp/lib/php') in /opt/lampp/htdocs/projects/fairbank/wp-content/themes/fairbankequipment/functions.php:32
Stack trace:
#0 /opt/lampp/htdocs/projects/fairbank/wp-settings.php(600): include()
#1 /opt/lampp/htdocs/projects/fairbank/wp-config.php(97): require_once('/opt/lampp/htdo...')
#2 /opt/lampp/htdocs/projects/fairbank/wp-load.php(50): require_once('/opt/lampp/htdo...')
#3 /opt/lampp/htdocs/projects/fairbank/wp-admin/admin-ajax.php(22): require_once('/opt/lampp/htdo...')
#4 {main}
  thrown in /opt/lampp/htdocs/projects/fairbank/wp-content/themes/fairbankequipment/functions.php on line 32

2023-10-13T07:09:09+00:00 CRITICAL Uncaught Error: Failed opening required 'http://localhost/projects/fairbank/wp-content/themes/fairbankequipment/inc/theme-initial-setup.php' (include_path='.:/opt/lampp/lib/php') in /opt/lampp/htdocs/projects/fairbank/wp-content/themes/fairbankequipment/functions.php:32
Stack trace:
#0 /opt/lampp/htdocs/projects/fairbank/wp-settings.php(600): include()
#1 /opt/lampp/htdocs/projects/fairbank/wp-config.php(97): require_once('/opt/lampp/htdo...')
#2 /opt/lampp/htdocs/projects/fairbank/wp-load.php(50): require_once('/opt/lampp/htdo...')
#3 /opt/lampp/htdocs/projects/fairbank/wp-admin/admin-ajax.php(22): require_once('/opt/lampp/htdo...')
#4 {main}
  thrown in /opt/lampp/htdocs/projects/fairbank/wp-content/themes/fairbankequipment/functions.php on line 32

2023-10-13T07:11:10+00:00 CRITICAL Uncaught Error: Failed opening required 'http://localhost/projects/fairbank/wp-content/themes/fairbankequipment/inc/theme-initial-setup.php' (include_path='.:/opt/lampp/lib/php') in /opt/lampp/htdocs/projects/fairbank/wp-content/themes/fairbankequipment/functions.php:32
Stack trace:
#0 /opt/lampp/htdocs/projects/fairbank/wp-settings.php(600): include()
#1 /opt/lampp/htdocs/projects/fairbank/wp-config.php(97): require_once('/opt/lampp/htdo...')
#2 /opt/lampp/htdocs/projects/fairbank/wp-load.php(50): require_once('/opt/lampp/htdo...')
#3 /opt/lampp/htdocs/projects/fairbank/wp-admin/admin-ajax.php(22): require_once('/opt/lampp/htdo...')
#4 {main}
  thrown in /opt/lampp/htdocs/projects/fairbank/wp-content/themes/fairbankequipment/functions.php on line 32

2023-10-13T07:13:11+00:00 CRITICAL Uncaught Error: Failed opening required 'http://localhost/projects/fairbank/wp-content/themes/fairbankequipment/inc/theme-initial-setup.php' (include_path='.:/opt/lampp/lib/php') in /opt/lampp/htdocs/projects/fairbank/wp-content/themes/fairbankequipment/functions.php:32
Stack trace:
#0 /opt/lampp/htdocs/projects/fairbank/wp-settings.php(600): include()
#1 /opt/lampp/htdocs/projects/fairbank/wp-config.php(97): require_once('/opt/lampp/htdo...')
#2 /opt/lampp/htdocs/projects/fairbank/wp-load.php(50): require_once('/opt/lampp/htdo...')
#3 /opt/lampp/htdocs/projects/fairbank/wp-admin/admin-ajax.php(22): require_once('/opt/lampp/htdo...')
#4 {main}
  thrown in /opt/lampp/htdocs/projects/fairbank/wp-content/themes/fairbankequipment/functions.php on line 32

2023-10-13T07:15:11+00:00 CRITICAL Uncaught Error: Failed opening required 'http://localhost/projects/fairbank/wp-content/themes/fairbankequipment/inc/theme-initial-setup.php' (include_path='.:/opt/lampp/lib/php') in /opt/lampp/htdocs/projects/fairbank/wp-content/themes/fairbankequipment/functions.php:32
Stack trace:
#0 /opt/lampp/htdocs/projects/fairbank/wp-settings.php(600): include()
#1 /opt/lampp/htdocs/projects/fairbank/wp-config.php(97): require_once('/opt/lampp/htdo...')
#2 /opt/lampp/htdocs/projects/fairbank/wp-load.php(50): require_once('/opt/lampp/htdo...')
#3 /opt/lampp/htdocs/projects/fairbank/wp-admin/admin-ajax.php(22): require_once('/opt/lampp/htdo...')
#4 {main}
  thrown in /opt/lampp/htdocs/projects/fairbank/wp-content/themes/fairbankequipment/functions.php on line 32

2023-10-13T11:08:35+00:00 CRITICAL Uncaught Error: Failed opening required 'http://localhost/projects/fairbank/wp-content/themes/fairbankequipment/inc/theme-initial-setup.php' (include_path='.:/opt/lampp/lib/php') in /opt/lampp/htdocs/projects/fairbank/wp-content/themes/fairbankequipment/functions.php:32
Stack trace:
#0 /opt/lampp/htdocs/projects/fairbank/wp-settings.php(600): include()
#1 /opt/lampp/htdocs/projects/fairbank/wp-config.php(97): require_once('/opt/lampp/htdo...')
#2 /opt/lampp/htdocs/projects/fairbank/wp-load.php(50): require_once('/opt/lampp/htdo...')
#3 /opt/lampp/htdocs/projects/fairbank/wp-admin/admin.php(34): require_once('/opt/lampp/htdo...')
#4 /opt/lampp/htdocs/projects/fairbank/wp-admin/index.php(10): require_once('/opt/lampp/htdo...')
#5 {main}
  thrown in /opt/lampp/htdocs/projects/fairbank/wp-content/themes/fairbankequipment/functions.php on line 32

2023-10-13T11:30:19+00:00 CRITICAL Uncaught Error: Failed opening required 'http://localhost/projects/fairbank/wp-content/themes/fairbankequipment/inc/theme-initial-setup.php' (include_path='.:/opt/lampp/lib/php') in /opt/lampp/htdocs/projects/fairbank/wp-content/themes/fairbankequipment/functions.php:32
Stack trace:
#0 /opt/lampp/htdocs/projects/fairbank/wp-settings.php(600): include()
#1 /opt/lampp/htdocs/projects/fairbank/wp-config.php(97): require_once('/opt/lampp/htdo...')
#2 /opt/lampp/htdocs/projects/fairbank/wp-load.php(50): require_once('/opt/lampp/htdo...')
#3 /opt/lampp/htdocs/projects/fairbank/wp-admin/admin.php(34): require_once('/opt/lampp/htdo...')
#4 /opt/lampp/htdocs/projects/fairbank/wp-admin/index.php(10): require_once('/opt/lampp/htdo...')
#5 {main}
  thrown in /opt/lampp/htdocs/projects/fairbank/wp-content/themes/fairbankequipment/functions.php on line 32

2023-10-13T13:06:18+00:00 CRITICAL Uncaught Error: Failed opening required 'http://localhost/projects/fairbank/wp-content/themes/fairbankequipment/inc/theme-customizer.php' (include_path='.:/opt/lampp/lib/php') in /opt/lampp/htdocs/projects/fairbank/wp-content/themes/fairbankequipment/functions.php:37
Stack trace:
#0 /opt/lampp/htdocs/projects/fairbank/wp-settings.php(600): include()
#1 /opt/lampp/htdocs/projects/fairbank/wp-config.php(97): require_once('/opt/lampp/htdo...')
#2 /opt/lampp/htdocs/projects/fairbank/wp-load.php(50): require_once('/opt/lampp/htdo...')
#3 /opt/lampp/htdocs/projects/fairbank/wp-admin/admin.php(34): require_once('/opt/lampp/htdo...')
#4 /opt/lampp/htdocs/projects/fairbank/wp-admin/index.php(10): require_once('/opt/lampp/htdo...')
#5 {main}
  thrown in /opt/lampp/htdocs/projects/fairbank/wp-content/themes/fairbankequipment/functions.php on line 37

2023-10-13T13:08:06+00:00 CRITICAL Uncaught Error: Undefined constant "KATBOOK_VERSION" in /opt/lampp/htdocs/projects/fairbank/wp-content/themes/fairbankequipment/inc/woocommerce.php:46
Stack trace:
#0 /opt/lampp/htdocs/projects/fairbank/wp-includes/class-wp-hook.php(310): fairbankequipment_woocommerce_scripts('')
#1 /opt/lampp/htdocs/projects/fairbank/wp-includes/class-wp-hook.php(334): WP_Hook->apply_filters(NULL, Array)
#2 /opt/lampp/htdocs/projects/fairbank/wp-includes/plugin.php(517): WP_Hook->do_action(Array)
#3 /opt/lampp/htdocs/projects/fairbank/wp-includes/script-loader.php(2225): do_action('wp_enqueue_scri...')
#4 /opt/lampp/htdocs/projects/fairbank/wp-includes/class-wp-hook.php(310): wp_enqueue_scripts('')
#5 /opt/lampp/htdocs/projects/fairbank/wp-includes/class-wp-hook.php(334): WP_Hook->apply_filters('', Array)
#6 /opt/lampp/htdocs/projects/fairbank/wp-includes/plugin.php(517): WP_Hook->do_action(Array)
#7 /opt/lampp/htdocs/projects/fairbank/wp-includes/general-template.php(3053): do_action('wp_head')
#8 /opt/lampp/htdocs/projects/fairbank/wp-content/themes/fairbankequipment/header.php(9): wp_head()
#9 /opt/lampp/htdocs/projects/fairbank/wp-includes/template.php(785): require_once('/opt/lampp/htdo...')
#10 /opt/lampp/htdocs/projects/fairbank/wp-includes/template.php(720): load_template('/opt/lampp/htdo...', true, Array)
#11 /opt/lampp/htdocs/projects/fairbank/wp-includes/general-template.php(48): locate_template(Array, true, true, Array)
#12 /opt/lampp/htdocs/projects/fairbank/wp-content/themes/fairbankequipment/index.php(1): get_header()
#13 /opt/lampp/htdocs/projects/fairbank/wp-includes/template-loader.php(106): include('/opt/lampp/htdo...')
#14 /opt/lampp/htdocs/projects/fairbank/wp-blog-header.php(19): require_once('/opt/lampp/htdo...')
#15 /opt/lampp/htdocs/projects/fairbank/index.php(17): require('/opt/lampp/htdo...')
#16 {main}
  thrown in /opt/lampp/htdocs/projects/fairbank/wp-content/themes/fairbankequipment/inc/woocommerce.php on line 46

2023-10-13T13:08:41+00:00 CRITICAL Uncaught Error: Undefined constant "KATBOOK_VERSION" in /opt/lampp/htdocs/projects/fairbank/wp-content/themes/fairbankequipment/inc/woocommerce.php:46
Stack trace:
#0 /opt/lampp/htdocs/projects/fairbank/wp-includes/class-wp-hook.php(310): fairbankequipment_woocommerce_scripts('')
#1 /opt/lampp/htdocs/projects/fairbank/wp-includes/class-wp-hook.php(334): WP_Hook->apply_filters(NULL, Array)
#2 /opt/lampp/htdocs/projects/fairbank/wp-includes/plugin.php(517): WP_Hook->do_action(Array)
#3 /opt/lampp/htdocs/projects/fairbank/wp-includes/script-loader.php(2225): do_action('wp_enqueue_scri...')
#4 /opt/lampp/htdocs/projects/fairbank/wp-includes/class-wp-hook.php(310): wp_enqueue_scripts('')
#5 /opt/lampp/htdocs/projects/fairbank/wp-includes/class-wp-hook.php(334): WP_Hook->apply_filters('', Array)
#6 /opt/lampp/htdocs/projects/fairbank/wp-includes/plugin.php(517): WP_Hook->do_action(Array)
#7 /opt/lampp/htdocs/projects/fairbank/wp-includes/general-template.php(3053): do_action('wp_head')
#8 /opt/lampp/htdocs/projects/fairbank/wp-content/themes/fairbankequipment/header.php(9): wp_head()
#9 /opt/lampp/htdocs/projects/fairbank/wp-includes/template.php(785): require_once('/opt/lampp/htdo...')
#10 /opt/lampp/htdocs/projects/fairbank/wp-includes/template.php(720): load_template('/opt/lampp/htdo...', true, Array)
#11 /opt/lampp/htdocs/projects/fairbank/wp-includes/general-template.php(48): locate_template(Array, true, true, Array)
#12 /opt/lampp/htdocs/projects/fairbank/wp-content/themes/fairbankequipment/404.php(10): get_header()
#13 /opt/lampp/htdocs/projects/fairbank/wp-includes/template-loader.php(106): include('/opt/lampp/htdo...')
#14 /opt/lampp/htdocs/projects/fairbank/wp-blog-header.php(19): require_once('/opt/lampp/htdo...')
#15 /opt/lampp/htdocs/projects/fairbank/index.php(17): require('/opt/lampp/htdo...')
#16 {main}
  thrown in /opt/lampp/htdocs/projects/fairbank/wp-content/themes/fairbankequipment/inc/woocommerce.php on line 46

